<?xml version="1.0" encoding="UTF-8"?>
<!-- Generated by org.testng.reporters.JUnitReportReporter -->
<testsuite hostname="DESKTOP-0TK5P9S" failures="0" tests="3" name="testng.session2.ParallelTest1" time="0.013" errors="0" timestamp="2021-04-03T08:23:43 CST" skipped="0">
  <testcase classname="testng.session2.ParallelTest1" name="test2" time="0.001"/>
  <system-out/>
  <testcase classname="testng.session2.ParallelTest1" name="test1" time="0.010"/>
  <system-out/>
  <testcase classname="testng.session2.ParallelTest1" name="test3" time="0.002"/>
  <system-out/>
</testsuite> <!-- testng.session2.ParallelTest1 -->
