<?xml version="1.0" encoding="UTF-8"?>
<!-- Generated by org.testng.reporters.JUnitReportReporter -->
<testsuite hostname="DESKTOP-0TK5P9S" failures="0" tests="1" name="testng.session1.BasicTags" time="0.004" errors="0" timestamp="2021-04-12T08:54:19 CST" skipped="0">
  <testcase classname="testng.session1.BasicTags" name="test" time="0.004"/>
  <system-out/>
</testsuite> <!-- testng.session1.BasicTags -->
