<?xml version="1.0" encoding="UTF-8"?>
<!-- Generated by org.testng.reporters.JUnitReportReporter -->
<testsuite hostname="DESKTOP-0TK5P9S" failures="0" tests="3" name="testng.session2.ParallelTest3" time="0.016" errors="0" timestamp="2021-04-03T08:23:43 CST" skipped="0">
  <testcase classname="testng.session2.ParallelTest3" name="test9" time="0.003"/>
  <system-out/>
  <testcase classname="testng.session2.ParallelTest3" name="test8" time="0.003"/>
  <system-out/>
  <testcase classname="testng.session2.ParallelTest3" name="test7" time="0.010"/>
  <system-out/>
</testsuite> <!-- testng.session2.ParallelTest3 -->
