<?xml version="1.0" encoding="UTF-8"?>
<!-- Generated by org.testng.reporters.JUnitReportReporter -->
<testsuite hostname="DESKTOP-0TK5P9S" failures="0" tests="2" name="testng.session2.SuccessPercentage" time="0.002" errors="0" timestamp="2021-04-12T08:53:54 CST" skipped="0">
  <testcase classname="testng.session2.SuccessPercentage" name="testPass" time="0.001"/>
  <system-out/>
  <testcase classname="testng.session2.SuccessPercentage" name="testPass" time="0.001"/>
  <system-out/>
</testsuite> <!-- testng.session2.SuccessPercentage -->
