<?xml version="1.0" encoding="UTF-8"?>
<!-- Generated by org.testng.reporters.JUnitReportReporter -->
<testsuite hostname="DESKTOP-0TK5P9S" failures="0" tests="1" name="restapi.PracticeGET" time="1.915" errors="0" timestamp="2021-04-24T08:35:38 CST" skipped="0">
  <testcase classname="restapi.PracticeGET" name="getTest" time="1.915"/>
  <system-out/>
</testsuite> <!-- restapi.PracticeGET -->
