<?xml version="1.0" encoding="UTF-8"?>
<!-- Generated by org.testng.reporters.JUnitReportReporter -->
<testsuite hostname="DESKTOP-0TK5P9S" failures="0" tests="5" name="testng.session1.GropuTag" time="0.014" errors="0" timestamp="2021-04-12T10:25:42 CST" skipped="0">
  <testcase classname="testng.session1.GropuTag" name="test2" time="0.002"/>
  <system-out/>
  <testcase classname="testng.session1.GropuTag" name="test3" time="0.001"/>
  <system-out/>
  <testcase classname="testng.session1.GropuTag" name="test5" time="0.001"/>
  <system-out/>
  <testcase classname="testng.session1.GropuTag" name="test1" time="0.009"/>
  <system-out/>
  <testcase classname="testng.session1.GropuTag" name="test4" time="0.001"/>
  <system-out/>
</testsuite> <!-- testng.session1.GropuTag -->
