<?xml version="1.0" encoding="UTF-8"?>
<!-- Generated by org.testng.reporters.JUnitReportReporter -->
<testsuite hostname="DESKTOP-0TK5P9S" failures="0" tests="3" name="pageobjectmodel.DirectoryExercise" time="23.244" errors="0" timestamp="2021-04-04T10:48:52 CST" skipped="0">
  <testcase classname="pageobjectmodel.DirectoryExercise" name="testDirectory" time="4.365"/>
  <system-out/>
  <testcase classname="pageobjectmodel.DirectoryExercise" name="testDirectory" time="6.289"/>
  <system-out/>
  <testcase classname="pageobjectmodel.DirectoryExercise" name="testDirectory" time="12.590"/>
  <system-out/>
</testsuite> <!-- pageobjectmodel.DirectoryExercise -->
