<?xml version="1.0" encoding="UTF-8"?>
<!-- Generated by org.testng.reporters.JUnitReportReporter -->
<testsuite hostname="DESKTOP-0TK5P9S" failures="0" tests="6" name="testng.ExerciseLogin" time="10.509" errors="0" timestamp="2021-04-03T10:40:10 CST" skipped="0">
  <testcase classname="testng.ExerciseLogin" name="loginTest" time="1.361"/>
  <system-out/>
  <testcase classname="testng.ExerciseLogin" name="loginTest" time="0.857"/>
  <system-out/>
  <testcase classname="testng.ExerciseLogin" name="loginTest" time="0.788"/>
  <system-out/>
  <testcase classname="testng.ExerciseLogin" name="loginTest" time="5.732"/>
  <system-out/>
  <testcase classname="testng.ExerciseLogin" name="loginTest" time="1.139"/>
  <system-out/>
  <testcase classname="testng.ExerciseLogin" name="loginTest" time="0.632"/>
  <system-out/>
</testsuite> <!-- testng.ExerciseLogin -->
