<?xml version="1.0" encoding="UTF-8"?>
<!-- Generated by org.testng.reporters.JUnitReportReporter -->
<testsuite hostname="DESKTOP-0TK5P9S" failures="0" tests="3" name="testng.session1.GropuTag" time="0.004" errors="0" timestamp="2021-04-12T10:27:00 CST" skipped="0">
  <testcase classname="testng.session1.GropuTag" name="test3" time="0.000"/>
  <system-out/>
  <testcase classname="testng.session1.GropuTag" name="test1" time="0.004"/>
  <system-out/>
  <testcase classname="testng.session1.GropuTag" name="test4" time="0.000"/>
  <system-out/>
</testsuite> <!-- testng.session1.GropuTag -->
